[2025-12-09 13:46:43] [INFO] 解析開始: Tue Dec  9 13:46:43 2025
[2025-12-09 13:46:43] [INFO] 入力ファイル: t/input_files.txt
[2025-12-09 13:46:43] [INFO] 出力ディレクトリ: t/actual_output
[2025-12-09 13:46:43] [INFO] 最大深度: 3
[2025-12-09 13:46:43] [INFO] 起点ファイルリスト読み込み中...
[2025-12-09 13:46:43] [INFO] 対象ファイル数: 1
[2025-12-09 13:46:43] [INFO] ファイルマッピング構築中...
[2025-12-09 13:46:43] [INFO] 検索ディレクトリ(CLI指定): t/fixtures
[2025-12-09 13:46:43] [INFO] 解析中: /workspaces/JobNet/t/fixtures/complex.sh
[2025-12-09 13:46:43] [INFO] sqlplus実行検出: insert_data.sql (行: 31)
[2025-12-09 13:46:43] [INFO] sqlplus実行検出: process_records.sql (行: 14)
[2025-12-09 13:46:43] [INFO] sqlplus実行検出: final_update.sql (行: 11)
[2025-12-09 13:46:43] [INFO] 出力ファイル生成中...
[2025-12-09 13:46:43] [INFO] 生成: dependencies.json
[2025-12-09 13:46:43] [INFO] 生成: dependencies.csv
[2025-12-09 13:46:43] [INFO] 生成: file_io.csv
[2025-12-09 13:46:43] [INFO] 生成: db_operations.csv
[2025-12-09 13:46:43] [INFO] 生成: flowchart.md
[2025-12-09 13:46:43] [INFO] --- サマリー ---
[2025-12-09 13:46:43] [INFO] 解析ファイル数: 5
[2025-12-09 13:46:43] [INFO] 検出した依存関係: 7
[2025-12-09 13:46:43] [INFO] ファイルI/O: 10
[2025-12-09 13:46:43] [INFO] DB操作: 3
[2025-12-09 13:46:43] [INFO] 警告: 0
[2025-12-09 13:46:43] [INFO] 生成: summary.txt
[2025-12-09 13:46:43] [INFO] 解析完了
